[00:51:08.140 Verbose] - BuildManager - C:\Program Files (x86)\Microsoft Visual Studio\2019\Enterprise\MSBuild\Microsoft\VisualStudio\v16.0\WebApplications\Microsoft.WebApplication.targets(175,5): error MSB3027: No se pudo copiar "c:\program files (x86)\microsoft visual studio\2019\enterprise\common7\ide\commonextensions\microsoft\managedlanguages\vbcsharp\liveunittesting\zh-Hans\Microsoft.CodeAnalysis.LiveUnitTesting.Runtime.resources.dll" en "C:\Users\Virginia Aquino\source\repos\Proyecto_Agroite_v1_CSI\GestionAgroite_V1_CSI\.vs\GestionAgroite_V1_CSI\v16\lut\0\b\GestionAgroite_V1_CSI\bin\_PublishedWebsites\GestionAgroite_V1_CSI\bin\zh-Hans\Microsoft.CodeAnalysis.LiveUnitTesting.Runtime.resources.dll". Se superó el número de 10 reintentos. Error. 
[00:51:08.140 Verbose] - BuildManager - C:\Program Files (x86)\Microsoft Visual Studio\2019\Enterprise\MSBuild\Microsoft\VisualStudio\v16.0\WebApplications\Microsoft.WebApplication.targets(175,5): error MSB3021: No se puede copiar "c:\program files (x86)\microsoft visual studio\2019\enterprise\common7\ide\commonextensions\microsoft\managedlanguages\vbcsharp\liveunittesting\zh-Hans\Microsoft.CodeAnalysis.LiveUnitTesting.Runtime.resources.dll" en "C:\Users\Virginia Aquino\source\repos\Proyecto_Agroite_v1_CSI\GestionAgroite_V1_CSI\.vs\GestionAgroite_V1_CSI\v16\lut\0\b\GestionAgroite_V1_CSI\bin\_PublishedWebsites\GestionAgroite_V1_CSI\bin\zh-Hans\Microsoft.CodeAnalysis.LiveUnitTesting.Runtime.resources.dll". No se puede encontrar una parte de la ruta de acceso 'C:\Users\Virginia Aquino\source\repos\Proyecto_Agroite_v1_CSI\GestionAgroite_V1_CSI\.vs\GestionAgroite_V1_CSI\v16\lut\0\b\GestionAgroite_V1_CSI\bin\_PublishedWebsites\GestionAgroite_V1_CSI\bin\zh-Hans\Microsoft.CodeAnalysis.LiveUnitTesting.Runtime.resources.dll'.
[00:51:08.154 Verbose] - BuildManager - C:\Program Files (x86)\Microsoft Visual Studio\2019\Enterprise\MSBuild\Microsoft\VisualStudio\v16.0\WebApplications\Microsoft.WebApplication.targets(175,5): error MSB3027: No se pudo copiar "c:\program files (x86)\microsoft visual studio\2019\enterprise\common7\ide\commonextensions\microsoft\managedlanguages\vbcsharp\liveunittesting\zh-Hant\Microsoft.CodeAnalysis.LiveUnitTesting.Runtime.resources.dll" en "C:\Users\Virginia Aquino\source\repos\Proyecto_Agroite_v1_CSI\GestionAgroite_V1_CSI\.vs\GestionAgroite_V1_CSI\v16\lut\0\b\GestionAgroite_V1_CSI\bin\_PublishedWebsites\GestionAgroite_V1_CSI\bin\zh-Hant\Microsoft.CodeAnalysis.LiveUnitTesting.Runtime.resources.dll". Se superó el número de 10 reintentos. Error. 
[00:51:08.155 Verbose] - BuildManager - C:\Program Files (x86)\Microsoft Visual Studio\2019\Enterprise\MSBuild\Microsoft\VisualStudio\v16.0\WebApplications\Microsoft.WebApplication.targets(175,5): error MSB3021: No se puede copiar "c:\program files (x86)\microsoft visual studio\2019\enterprise\common7\ide\commonextensions\microsoft\managedlanguages\vbcsharp\liveunittesting\zh-Hant\Microsoft.CodeAnalysis.LiveUnitTesting.Runtime.resources.dll" en "C:\Users\Virginia Aquino\source\repos\Proyecto_Agroite_v1_CSI\GestionAgroite_V1_CSI\.vs\GestionAgroite_V1_CSI\v16\lut\0\b\GestionAgroite_V1_CSI\bin\_PublishedWebsites\GestionAgroite_V1_CSI\bin\zh-Hant\Microsoft.CodeAnalysis.LiveUnitTesting.Runtime.resources.dll". No se puede encontrar una parte de la ruta de acceso 'C:\Users\Virginia Aquino\source\repos\Proyecto_Agroite_v1_CSI\GestionAgroite_V1_CSI\.vs\GestionAgroite_V1_CSI\v16\lut\0\b\GestionAgroite_V1_CSI\bin\_PublishedWebsites\GestionAgroite_V1_CSI\bin\zh-Hant\Microsoft.CodeAnalysis.LiveUnitTesting.Runtime.resources.dll'.
[00:51:08.176 Verbose] - BuildManager - Faltan algunas de las rutas de acceso de archivo definidas en csproj en la ruta de acceso de compilación de Live Unit Testing. Compruebe si estos archivos deben estar presentes en dicha ruta de acceso y, si es necesario, actualice la definición de csproj para que los busque en otro lugar.
[00:51:08.176 Verbose] - BuildManager - Elemento _OutputPathItem "C:\Users\Virginia Aquino\source\repos\Proyecto_Agroite_v1_CSI\GestionAgroite_V1_CSI\.vs\GestionAgroite_V1_CSI\v16\lut\0\b\GestionAgroite_V1_CSI\bin\" evaluado mediante
_OutputPathItem: '$(OutDir)' @ C:\Program Files (x86)\Microsoft Visual Studio\2019\Enterprise\MSBuild\Current\Bin\Microsoft.Common.CurrentVersion.targets:309
  OutDir: '$([MSBuild]::EnsureTrailingSlash($([MSBuild]::ValueOrDefault('$(OutDir)', '$(OutputPath)'))))' @ C:\Program Files (x86)\Microsoft Visual Studio\2019\Enterprise\MSBuild\Current\Bin\Microsoft.Common.CurrentVersion.targets:230
    OutDir: 'C:\Users\Virginia Aquino\source\repos\Proyecto_Agroite_v1_CSI\GestionAgroite_V1_CSI\.vs\GestionAgroite_V1_CSI\v16\lut\0\b\GestionAgroite_V1_CSI\bin\' @ C:\Users\Virginia Aquino\source\repos\Proyecto_Agroite_v1_CSI\GestionAgroite_V1_CSI\GestionAgroite_V1_CSI.csproj:0
    OutputPath: '$([MSBuild]::EnsureTrailingSlash('$(OutputPath)'))' @ C:\Program Files (x86)\Microsoft Visual Studio\2019\Enterprise\MSBuild\Current\Bin\Microsoft.Common.CurrentVersion.targets:157
      OutputPath: 'bin\' @ C:\Users\Virginia Aquino\source\repos\Proyecto_Agroite_v1_CSI\GestionAgroite_V1_CSI\GestionAgroite_V1_CSI.csproj:31
[00:51:08.177 Verbose] - BuildManager - Elemento _DebugSymbolsOutputPath "C:\Users\Virginia Aquino\source\repos\Proyecto_Agroite_v1_CSI\GestionAgroite_V1_CSI\.vs\GestionAgroite_V1_CSI\v16\lut\0\b\GestionAgroite_V1_CSI\bin\GestionAgroite_V1_CSI.pdb" evaluado mediante
_DebugSymbolsOutputPath: '@(_DebugSymbolsIntermediatePath->'$(OutDir)%(Filename)%(Extension)')' @ C:\Program Files (x86)\Microsoft Visual Studio\2019\Enterprise\MSBuild\Current\Bin\Microsoft.Common.CurrentVersion.targets:400
  OutDir: '$([MSBuild]::EnsureTrailingSlash($([MSBuild]::ValueOrDefault('$(OutDir)', '$(OutputPath)'))))' @ C:\Program Files (x86)\Microsoft Visual Studio\2019\Enterprise\MSBuild\Current\Bin\Microsoft.Common.CurrentVersion.targets:230
    OutDir: 'C:\Users\Virginia Aquino\source\repos\Proyecto_Agroite_v1_CSI\GestionAgroite_V1_CSI\.vs\GestionAgroite_V1_CSI\v16\lut\0\b\GestionAgroite_V1_CSI\bin\' @ C:\Users\Virginia Aquino\source\repos\Proyecto_Agroite_v1_CSI\GestionAgroite_V1_CSI\GestionAgroite_V1_CSI.csproj:0
    OutputPath: '$([MSBuild]::EnsureTrailingSlash('$(OutputPath)'))' @ C:\Program Files (x86)\Microsoft Visual Studio\2019\Enterprise\MSBuild\Current\Bin\Microsoft.Common.CurrentVersion.targets:157
      OutputPath: 'bin\' @ C:\Users\Virginia Aquino\source\repos\Proyecto_Agroite_v1_CSI\GestionAgroite_V1_CSI\GestionAgroite_V1_CSI.csproj:31
[00:51:08.178 Verbose] - BuildManager - Elemento _ApplicationManifestFinal "C:\Users\Virginia Aquino\source\repos\Proyecto_Agroite_v1_CSI\GestionAgroite_V1_CSI\.vs\GestionAgroite_V1_CSI\v16\lut\0\b\GestionAgroite_V1_CSI\bin\Native.GestionAgroite_V1_CSI.manifest" evaluado mediante
_ApplicationManifestFinal: '$(OutDir)$(_DeploymentTargetApplicationManifestFileName)' @ C:\Program Files (x86)\Microsoft Visual Studio\2019\Enterprise\MSBuild\Current\Bin\Microsoft.Common.CurrentVersion.targets:438
  OutDir: '$([MSBuild]::EnsureTrailingSlash($([MSBuild]::ValueOrDefault('$(OutDir)', '$(OutputPath)'))))' @ C:\Program Files (x86)\Microsoft Visual Studio\2019\Enterprise\MSBuild\Current\Bin\Microsoft.Common.CurrentVersion.targets:230
    OutDir: 'C:\Users\Virginia Aquino\source\repos\Proyecto_Agroite_v1_CSI\GestionAgroite_V1_CSI\.vs\GestionAgroite_V1_CSI\v16\lut\0\b\GestionAgroite_V1_CSI\bin\' @ C:\Users\Virginia Aquino\source\repos\Proyecto_Agroite_v1_CSI\GestionAgroite_V1_CSI\GestionAgroite_V1_CSI.csproj:0
    OutputPath: '$([MSBuild]::EnsureTrailingSlash('$(OutputPath)'))' @ C:\Program Files (x86)\Microsoft Visual Studio\2019\Enterprise\MSBuild\Current\Bin\Microsoft.Common.CurrentVersion.targets:157
      OutputPath: 'bin\' @ C:\Users\Virginia Aquino\source\repos\Proyecto_Agroite_v1_CSI\GestionAgroite_V1_CSI\GestionAgroite_V1_CSI.csproj:31
  _DeploymentTargetApplicationManifestFileName: 'Native.$(AssemblyName).manifest' @ C:\Program Files (x86)\Microsoft Visual Studio\2019\Enterprise\MSBuild\Current\Bin\Microsoft.Common.CurrentVersion.targets:263
    AssemblyName: 'GestionAgroite_V1_CSI' @ C:\Users\Virginia Aquino\source\repos\Proyecto_Agroite_v1_CSI\GestionAgroite_V1_CSI\GestionAgroite_V1_CSI.csproj:15
[00:51:08.178 Verbose] - BuildManager - Elemento _MSDeployPackageFile "C:\Users\Virginia Aquino\source\repos\Proyecto_Agroite_v1_CSI\GestionAgroite_V1_CSI\.vs\GestionAgroite_V1_CSI\v16\lut\0\b\GestionAgroite_V1_CSI\bin\_PublishedWebsites\GestionAgroite_V1_CSI_Package\GestionAgroite_V1_CSI.zip" evaluado mediante
_MSDeployPackageFile: '$(PackageFileName)' @ C:\Program Files (x86)\Microsoft Visual Studio\2019\Enterprise\MSBuild\Microsoft\VisualStudio\v16.0\Web\Microsoft.Web.Publishing.targets:542
  PackageFileName: '$(DefaultPackageOutputDir)\$(DefaultPackageFileName)' @ C:\Program Files (x86)\Microsoft Visual Studio\2019\Enterprise\MSBuild\Microsoft\VisualStudio\v16.0\Web\Microsoft.Web.Publishing.targets:429
    DefaultPackageOutputDir: '$(OutDir)_PublishedWebsites\$(WebPublishPipelineProjectName)_Package' @ C:\Program Files (x86)\Microsoft Visual Studio\2019\Enterprise\MSBuild\Microsoft\VisualStudio\v16.0\Web\Microsoft.Web.Publishing.targets:410
      OutDir: '$([MSBuild]::EnsureTrailingSlash($([MSBuild]::ValueOrDefault('$(OutDir)', '$(OutputPath)'))))' @ C:\Program Files (x86)\Microsoft Visual Studio\2019\Enterprise\MSBuild\Current\Bin\Microsoft.Common.CurrentVersion.targets:230
        OutDir: 'C:\Users\Virginia Aquino\source\repos\Proyecto_Agroite_v1_CSI\GestionAgroite_V1_CSI\.vs\GestionAgroite_V1_CSI\v16\lut\0\b\GestionAgroite_V1_CSI\bin\' @ C:\Users\Virginia Aquino\source\repos\Proyecto_Agroite_v1_CSI\GestionAgroite_V1_CSI\GestionAgroite_V1_CSI.csproj:0
        OutputPath: '$([MSBuild]::EnsureTrailingSlash('$(OutputPath)'))' @ C:\Program Files (x86)\Microsoft Visual Studio\2019\Enterprise\MSBuild\Current\Bin\Microsoft.Common.CurrentVersion.targets:157
          OutputPath: 'bin\' @ C:\Users\Virginia Aquino\source\repos\Proyecto_Agroite_v1_CSI\GestionAgroite_V1_CSI\GestionAgroite_V1_CSI.csproj:31
      WebPublishPipelineProjectName: '$(MSBuildProjectName)' @ C:\Program Files (x86)\Microsoft Visual Studio\2019\Enterprise\MSBuild\Microsoft\VisualStudio\v16.0\Web\Microsoft.Web.Publishing.targets:121
        MSBuildProjectName: 'GestionAgroite_V1_CSI'
    DefaultPackageFileName: '$(WebPublishPipelineProjectName).zip' @ C:\Program Files (x86)\Microsoft Visual Studio\2019\Enterprise\MSBuild\Microsoft\VisualStudio\v16.0\Web\Microsoft.Web.Publishing.targets:412
      WebPublishPipelineProjectName: '$(MSBuildProjectName)' @ C:\Program Files (x86)\Microsoft Visual Studio\2019\Enterprise\MSBuild\Microsoft\VisualStudio\v16.0\Web\Microsoft.Web.Publishing.targets:121
        MSBuildProjectName: 'GestionAgroite_V1_CSI'
[00:51:08.179 Verbose] - BuildManager - Elemento _MSDeployArchiveDir "C:\Users\Virginia Aquino\source\repos\Proyecto_Agroite_v1_CSI\GestionAgroite_V1_CSI\.vs\GestionAgroite_V1_CSI\v16\lut\0\b\GestionAgroite_V1_CSI\bin\_PublishedWebsites\GestionAgroite_V1_CSI_Package\Archive" evaluado mediante
_MSDeployArchiveDir: '$(PackageArchiveRootDir)\Archive' @ C:\Program Files (x86)\Microsoft Visual Studio\2019\Enterprise\MSBuild\Microsoft\VisualStudio\v16.0\Web\Microsoft.Web.Publishing.targets:543
  PackageArchiveRootDir: '$(DefaultPackageOutputDir)' @ C:\Program Files (x86)\Microsoft Visual Studio\2019\Enterprise\MSBuild\Microsoft\VisualStudio\v16.0\Web\Microsoft.Web.Publishing.targets:431
    DefaultPackageOutputDir: '$(OutDir)_PublishedWebsites\$(WebPublishPipelineProjectName)_Package' @ C:\Program Files (x86)\Microsoft Visual Studio\2019\Enterprise\MSBuild\Microsoft\VisualStudio\v16.0\Web\Microsoft.Web.Publishing.targets:410
      OutDir: '$([MSBuild]::EnsureTrailingSlash($([MSBuild]::ValueOrDefault('$(OutDir)', '$(OutputPath)'))))' @ C:\Program Files (x86)\Microsoft Visual Studio\2019\Enterprise\MSBuild\Current\Bin\Microsoft.Common.CurrentVersion.targets:230
        OutDir: 'C:\Users\Virginia Aquino\source\repos\Proyecto_Agroite_v1_CSI\GestionAgroite_V1_CSI\.vs\GestionAgroite_V1_CSI\v16\lut\0\b\GestionAgroite_V1_CSI\bin\' @ C:\Users\Virginia Aquino\source\repos\Proyecto_Agroite_v1_CSI\GestionAgroite_V1_CSI\GestionAgroite_V1_CSI.csproj:0
        OutputPath: '$([MSBuild]::EnsureTrailingSlash('$(OutputPath)'))' @ C:\Program Files (x86)\Microsoft Visual Studio\2019\Enterprise\MSBuild\Current\Bin\Microsoft.Common.CurrentVersion.targets:157
          OutputPath: 'bin\' @ C:\Users\Virginia Aquino\source\repos\Proyecto_Agroite_v1_CSI\GestionAgroite_V1_CSI\GestionAgroite_V1_CSI.csproj:31
      WebPublishPipelineProjectName: '$(MSBuildProjectName)' @ C:\Program Files (x86)\Microsoft Visual Studio\2019\Enterprise\MSBuild\Microsoft\VisualStudio\v16.0\Web\Microsoft.Web.Publishing.targets:121
        MSBuildProjectName: 'GestionAgroite_V1_CSI'
[00:51:08.180 Verbose] - BuildManager - Elemento _MSDeployPackageLocation "C:\Users\Virginia Aquino\source\repos\Proyecto_Agroite_v1_CSI\GestionAgroite_V1_CSI\.vs\GestionAgroite_V1_CSI\v16\lut\0\b\GestionAgroite_V1_CSI\bin\_PublishedWebsites\GestionAgroite_V1_CSI_Package\GestionAgroite_V1_CSI.zip" evaluado mediante
_MSDeployPackageLocation: '$(PackageFileName)' @ C:\Program Files (x86)\Microsoft Visual Studio\2019\Enterprise\MSBuild\Microsoft\VisualStudio\v16.0\Web\Microsoft.Web.Publishing.targets:544
  PackageFileName: '$(DefaultPackageOutputDir)\$(DefaultPackageFileName)' @ C:\Program Files (x86)\Microsoft Visual Studio\2019\Enterprise\MSBuild\Microsoft\VisualStudio\v16.0\Web\Microsoft.Web.Publishing.targets:429
    DefaultPackageOutputDir: '$(OutDir)_PublishedWebsites\$(WebPublishPipelineProjectName)_Package' @ C:\Program Files (x86)\Microsoft Visual Studio\2019\Enterprise\MSBuild\Microsoft\VisualStudio\v16.0\Web\Microsoft.Web.Publishing.targets:410
      OutDir: '$([MSBuild]::EnsureTrailingSlash($([MSBuild]::ValueOrDefault('$(OutDir)', '$(OutputPath)'))))' @ C:\Program Files (x86)\Microsoft Visual Studio\2019\Enterprise\MSBuild\Current\Bin\Microsoft.Common.CurrentVersion.targets:230
        OutDir: 'C:\Users\Virginia Aquino\source\repos\Proyecto_Agroite_v1_CSI\GestionAgroite_V1_CSI\.vs\GestionAgroite_V1_CSI\v16\lut\0\b\GestionAgroite_V1_CSI\bin\' @ C:\Users\Virginia Aquino\source\repos\Proyecto_Agroite_v1_CSI\GestionAgroite_V1_CSI\GestionAgroite_V1_CSI.csproj:0
        OutputPath: '$([MSBuild]::EnsureTrailingSlash('$(OutputPath)'))' @ C:\Program Files (x86)\Microsoft Visual Studio\2019\Enterprise\MSBuild\Current\Bin\Microsoft.Common.CurrentVersion.targets:157
          OutputPath: 'bin\' @ C:\Users\Virginia Aquino\source\repos\Proyecto_Agroite_v1_CSI\GestionAgroite_V1_CSI\GestionAgroite_V1_CSI.csproj:31
      WebPublishPipelineProjectName: '$(MSBuildProjectName)' @ C:\Program Files (x86)\Microsoft Visual Studio\2019\Enterprise\MSBuild\Microsoft\VisualStudio\v16.0\Web\Microsoft.Web.Publishing.targets:121
        MSBuildProjectName: 'GestionAgroite_V1_CSI'
    DefaultPackageFileName: '$(WebPublishPipelineProjectName).zip' @ C:\Program Files (x86)\Microsoft Visual Studio\2019\Enterprise\MSBuild\Microsoft\VisualStudio\v16.0\Web\Microsoft.Web.Publishing.targets:412
      WebPublishPipelineProjectName: '$(MSBuildProjectName)' @ C:\Program Files (x86)\Microsoft Visual Studio\2019\Enterprise\MSBuild\Microsoft\VisualStudio\v16.0\Web\Microsoft.Web.Publishing.targets:121
        MSBuildProjectName: 'GestionAgroite_V1_CSI'
